<?xml version="1.0" encoding="UTF-8"?>
<testng-results skipped="0" failed="0" ignored="0" total="3" passed="3">
  <reporter-output>
  </reporter-output>
  <suite name="Default suite" duration-ms="56712" started-at="2019-09-09T07:55:27Z" finished-at="2019-09-09T07:56:23Z">
    <groups>
    </groups>
    <test name="Default test" duration-ms="56712" started-at="2019-09-09T07:55:27Z" finished-at="2019-09-09T07:56:23Z">
      <class name="tests.LoginTests">
        <test-method status="PASS" signature="setupClass()[pri:0, instance:tests.LoginTests@5f341870]" name="setupClass" is-config="true" duration-ms="802" started-at="2019-09-09T09:55:27Z" finished-at="2019-09-09T09:55:28Z">
          <reporter-output>
          </reporter-output>
        </test-method> <!-- setupClass -->
        <test-method status="PASS" signature="setup()[pri:0, instance:tests.LoginTests@5f341870]" name="setup" is-config="true" duration-ms="5676" started-at="2019-09-09T09:55:28Z" finished-at="2019-09-09T09:55:33Z">
          <reporter-output>
          </reporter-output>
        </test-method> <!-- setup -->
        <test-method status="PASS" signature="invalidLoginTest_InvalidUserNameInvalidPassword()[pri:0, instance:tests.LoginTests@5f341870]" name="invalidLoginTest_InvalidUserNameInvalidPassword" duration-ms="12018" started-at="2019-09-09T09:55:33Z" finished-at="2019-09-09T09:55:45Z">
          <reporter-output>
          </reporter-output>
        </test-method> <!-- invalidLoginTest_InvalidUserNameInvalidPassword -->
        <test-method status="PASS" signature="teardown()[pri:0, instance:tests.LoginTests@5f341870]" name="teardown" is-config="true" duration-ms="687" started-at="2019-09-09T09:55:45Z" finished-at="2019-09-09T09:55:46Z">
          <reporter-output>
          </reporter-output>
        </test-method> <!-- teardown -->
        <test-method status="PASS" signature="setup()[pri:0, instance:tests.LoginTests@5f341870]" name="setup" is-config="true" duration-ms="6159" started-at="2019-09-09T09:55:46Z" finished-at="2019-09-09T09:55:52Z">
          <reporter-output>
          </reporter-output>
        </test-method> <!-- setup -->
        <test-method status="PASS" signature="validLoginTest_validUserNameAndValidPassword()[pri:0, instance:tests.LoginTests@5f341870]" name="validLoginTest_validUserNameAndValidPassword" duration-ms="13456" started-at="2019-09-09T09:55:52Z" finished-at="2019-09-09T09:56:06Z">
          <reporter-output>
          </reporter-output>
        </test-method> <!-- validLoginTest_validUserNameAndValidPassword -->
        <test-method status="PASS" signature="teardown()[pri:0, instance:tests.LoginTests@5f341870]" name="teardown" is-config="true" duration-ms="688" started-at="2019-09-09T09:56:06Z" finished-at="2019-09-09T09:56:06Z">
          <reporter-output>
          </reporter-output>
        </test-method> <!-- teardown -->
        <test-method status="PASS" signature="setup()[pri:0, instance:tests.LoginTests@5f341870]" name="setup" is-config="true" duration-ms="4489" started-at="2019-09-09T09:56:06Z" finished-at="2019-09-09T09:56:11Z">
          <reporter-output>
          </reporter-output>
        </test-method> <!-- setup -->
        <test-method status="PASS" signature="invalidLoginTest_EmptyUserEmptyPassword()[pri:1, instance:tests.LoginTests@5f341870]" name="invalidLoginTest_EmptyUserEmptyPassword" duration-ms="11604" started-at="2019-09-09T09:56:11Z" finished-at="2019-09-09T09:56:22Z">
          <reporter-output>
          </reporter-output>
        </test-method> <!-- invalidLoginTest_EmptyUserEmptyPassword -->
        <test-method status="PASS" signature="teardown()[pri:0, instance:tests.LoginTests@5f341870]" name="teardown" is-config="true" duration-ms="1101" started-at="2019-09-09T09:56:22Z" finished-at="2019-09-09T09:56:23Z">
          <reporter-output>
          </reporter-output>
        </test-method> <!-- teardown -->
      </class> <!-- tests.LoginTests -->
    </test> <!-- Default test -->
  </suite> <!-- Default suite -->
</testng-results>
