<?xml version="1.0" encoding="UTF-8"?>
<!-- Generated by org.testng.reporters.JUnitXMLReporter -->
<testsuite hostname="mirian-PC" ignored="0" name="Default test" tests="2" failures="0" timestamp="08 sep 2019 21:29:15 GMT" time="39.891" errors="0">
  <testcase name="invalidLoginTest_InvalidUserNameInvalidPassword" time="17.357" classname="automatizacion.greenpower.test.LoginTests"/>
  <testcase name="invalidLoginTest_EmptyUserEmptyPassword" time="10.91" classname="automatizacion.greenpower.test.LoginTests"/>
</testsuite> <!-- Default test -->
