<?xml version="1.0" encoding="UTF-8"?>
<!-- Generated by org.testng.reporters.JUnitXMLReporter -->
<testsuite hostname="PC0N26DS" ignored="0" name="Default test" tests="3" failures="0" timestamp="09 sep 2019 07:56:24 GMT" time="56.712" errors="0">
  <testcase name="invalidLoginTest_InvalidUserNameInvalidPassword" time="12.018" classname="tests.LoginTests"/>
  <testcase name="validLoginTest_validUserNameAndValidPassword" time="13.456" classname="tests.LoginTests"/>
  <testcase name="invalidLoginTest_EmptyUserEmptyPassword" time="11.604" classname="tests.LoginTests"/>
</testsuite> <!-- Default test -->
